<?xml version="1.0" encoding="UTF-8"?>
<!-- Generated by org.testng.reporters.JUnitReportReporter -->
<testsuite hostname="DESKTOP-00LM383" failures="0" tests="1" name="com.demo.seleniumspring.googletests.GoogleSearch2Test" time="3.756" errors="0" timestamp="2022-03-12T21:22:48 IST" skipped="0">
  <testcase classname="com.demo.seleniumspring.googletests.GoogleSearch2Test" name="GoogleTest" time="3.756"/>
  <system-out/>
</testsuite> <!-- com.demo.seleniumspring.googletests.GoogleSearch2Test -->
